\BOOKMARK [0][-]{chapter.1}{Introduction}{}
\BOOKMARK [1][-]{section.1.1}{Contexte de r\351alisation}{chapter.1}
\BOOKMARK [1][-]{section.1.2}{Sujet}{chapter.1}
\BOOKMARK [1][-]{section.1.3}{Environnement technique}{chapter.1}
\BOOKMARK [0][-]{chapter.2}{Sp\351cifications}{}
\BOOKMARK [1][-]{section.2.1}{Sp\351cifications du jeu}{chapter.2}
\BOOKMARK [1][-]{section.2.2}{Sp\351cifications de la couche r\351seau}{chapter.2}
\BOOKMARK [2][-]{subsection.2.2.1}{Protocole applicatif}{section.2.2}
\BOOKMARK [2][-]{subsection.2.2.2}{Les paquets}{section.2.2}
\BOOKMARK [2][-]{subsection.2.2.3}{Protocole r\351seau sous-jacent}{section.2.2}
\BOOKMARK [2][-]{subsection.2.2.4}{Gestion des erreurs}{section.2.2}
\BOOKMARK [0][-]{chapter.3}{Impl\351mentation}{}
\BOOKMARK [1][-]{section.3.1}{Client}{chapter.3}
\BOOKMARK [2][-]{subsection.3.1.1}{GUI}{section.3.1}
\BOOKMARK [2][-]{subsection.3.1.2}{Couche r\351seau}{section.3.1}
\BOOKMARK [2][-]{subsection.3.1.3}{Moteur}{section.3.1}
\BOOKMARK [1][-]{section.3.2}{Serveur}{chapter.3}
\BOOKMARK [2][-]{subsection.3.2.1}{Moteur}{section.3.2}
\BOOKMARK [2][-]{subsection.3.2.2}{Couche r\351seau}{section.3.2}
\BOOKMARK [0][-]{chapter.4}{Phase de test}{}
\BOOKMARK [1][-]{section.4.1}{Presentation du protocole de test}{chapter.4}
\BOOKMARK [1][-]{section.4.2}{Analyse des r\351sultats}{chapter.4}
\BOOKMARK [0][-]{chapter.5}{Analyse critique}{}
\BOOKMARK [1][-]{section.5.1}{Points forts}{chapter.5}
\BOOKMARK [1][-]{section.5.2}{Points faibles}{chapter.5}
\BOOKMARK [1][-]{section.5.3}{Am\351liorations possibles}{chapter.5}
\BOOKMARK [2][-]{subsection.5.3.1}{Client}{section.5.3}
\BOOKMARK [2][-]{subsection.5.3.2}{Serveur}{section.5.3}
\BOOKMARK [2][-]{subsection.5.3.3}{Globale}{section.5.3}
\BOOKMARK [0][-]{chapter.6}{Organisation interne}{}
\BOOKMARK [1][-]{section.6.1}{Phase de sp\351cifications}{chapter.6}
\BOOKMARK [1][-]{section.6.2}{R\351partition des taches}{chapter.6}
\BOOKMARK [0][-]{chapter.7}{Conclusion}{}
\BOOKMARK [1][-]{section.7.1}{Difficult\351s rencontr\351es}{chapter.7}
\BOOKMARK [1][-]{section.7.2}{Ce que nous avons appris}{chapter.7}
\BOOKMARK [0][-]{chapter.8}{Annexe}{}
